<?xml version="1.0" encoding="UTF-8"?>
<!-- Generated by org.testng.reporters.JUnitXMLReporter -->
<testsuite ignored="0" hostname="DESKTOP-IFMRKKD" failures="0" tests="1" name="Default test" time="0.194" errors="0" timestamp="2022-03-02T13:01:51 IST">
  <testcase classname="test.AmazonTestNgClass2" name="@BeforeTest selectBrowser" time="-1.646206311517E9">
    <failure type="org.testng.TestNGException" message="
Parameter &amp;apos;browser&amp;apos; is required by BeforeTest on method selectBrowser but has not been marked @Optional or defined
in C:\Users\Ankita Ghanate\AppData\Local\Temp\testng-eclipse-133423636\testng-customsuite.xml">
      <![CDATA[org.testng.TestNGException: 
Parameter 'browser' is required by BeforeTest on method selectBrowser but has not been marked @Optional or defined
in C:\Users\Ankita Ghanate\AppData\Local\Temp\testng-eclipse-133423636\testng-customsuite.xml
at org.testng.internal.Parameters.createParams(Parameters.java:270)
at org.testng.internal.Parameters.createParametersForMethod(Parameters.java:358)
at org.testng.internal.Parameters.createParameters(Parameters.java:700)
at org.testng.internal.Parameters.createConfigurationParameters(Parameters.java:168)
at org.testng.internal.ConfigInvoker.invokeConfigurations(ConfigInvoker.java:302)
at org.testng.TestRunner.invokeTestConfigurations(TestRunner.java:637)
at org.testng.TestRunner.beforeRun(TestRunner.java:627)
at org.testng.TestRunner.run(TestRunner.java:589)
at org.testng.SuiteRunner.runTest(SuiteRunner.java:377)
at org.testng.SuiteRunner.runSequentially(SuiteRunner.java:371)
at org.testng.SuiteRunner.privateRun(SuiteRunner.java:332)
at org.testng.SuiteRunner.run(SuiteRunner.java:276)
at org.testng.SuiteRunnerWorker.runSuite(SuiteRunnerWorker.java:53)
at org.testng.SuiteRunnerWorker.run(SuiteRunnerWorker.java:96)
at org.testng.TestNG.runSuitesSequentially(TestNG.java:1212)
at org.testng.TestNG.runSuitesLocally(TestNG.java:1134)
at org.testng.TestNG.runSuites(TestNG.java:1063)
at org.testng.TestNG.run(TestNG.java:1031)
at org.testng.remote.AbstractRemoteTestNG.run(AbstractRemoteTestNG.java:115)
at org.testng.remote.RemoteTestNG.initAndRun(RemoteTestNG.java:251)
at org.testng.remote.RemoteTestNG.main(RemoteTestNG.java:77)
]]>
    </failure>
  </testcase> <!-- @BeforeTest selectBrowser -->
  <testcase classname="test.AmazonTestNgClass2" name="@BeforeClass CreateObjectOfPomClasses" time="-1.646206311594E9">
    <skipped/>
  </testcase> <!-- @BeforeClass CreateObjectOfPomClasses -->
  <testcase classname="test.AmazonTestNgClass2" name="@BeforeMethod enterUrl" time="-1.646206311653E9">
    <skipped/>
  </testcase> <!-- @BeforeMethod enterUrl -->
  <testcase classname="test.AmazonTestNgClass2" name="@AfterMethod navigateToUrl" time="-1.646206311673E9">
    <skipped/>
  </testcase> <!-- @AfterMethod navigateToUrl -->
  <testcase classname="test.AmazonTestNgClass2" name="@AfterClass clearPomObject" time="-1.646206311677E9">
    <skipped/>
  </testcase> <!-- @AfterClass clearPomObject -->
  <testcase classname="test.AmazonTestNgClass2" name="@AfterTest browserClose" time="-1.646206311689E9">
    <skipped/>
  </testcase> <!-- @AfterTest browserClose -->
  <testcase classname="test.AmazonTestNgClass2" name="test1275376" time="0.0">
    <skipped/>
  </testcase> <!-- test1275376 -->
</testsuite> <!-- Default test -->
